Determining if the pthread_create exist failed with the following output:
Change Dir: /home/hubert/ClionProjects/TIN_P2P/cmake-build-debug/CMakeFiles/CMakeTmp

Run Build Command:"/usr/bin/make" "cmTC_2008d/fast"
/usr/bin/make -f CMakeFiles/cmTC_2008d.dir/build.make CMakeFiles/cmTC_2008d.dir/build
make[1]: Wejście do katalogu '/home/hubert/ClionProjects/TIN_P2P/cmake-build-debug/CMakeFiles/CMakeTmp'
Building C object CMakeFiles/cmTC_2008d.dir/CheckSymbolExists.c.o
/usr/bin/cc     -o CMakeFiles/cmTC_2008d.dir/CheckSymbolExists.c.o   -c /home/hubert/ClionProjects/TIN_P2P/cmake-build-debug/CMakeFiles/CMakeTmp/CheckSymbolExists.c
Linking C executable cmTC_2008d
/home/hubert/Pobrane/clion-2016.3.1/bin/cmake/bin/cmake -E cmake_link_script CMakeFiles/cmTC_2008d.dir/link.txt --verbose=1
/usr/bin/cc       CMakeFiles/cmTC_2008d.dir/CheckSymbolExists.c.o  -o cmTC_2008d 
CMakeFiles/cmTC_2008d.dir/CheckSymbolExists.c.o: In function `main':
CheckSymbolExists.c:(.text+0x1b): undefined reference to `pthread_create'
collect2: error: ld returned 1 exit status
CMakeFiles/cmTC_2008d.dir/build.make:97: polecenia dla obiektu 'cmTC_2008d' nie powiodły się
make[1]: *** [cmTC_2008d] Błąd 1
make[1]: Opuszczenie katalogu '/home/hubert/ClionProjects/TIN_P2P/cmake-build-debug/CMakeFiles/CMakeTmp'
Makefile:126: polecenia dla obiektu 'cmTC_2008d/fast' nie powiodły się
make: *** [cmTC_2008d/fast] Błąd 2

File /home/hubert/ClionProjects/TIN_P2P/cmake-build-debug/CMakeFiles/CMakeTmp/CheckSymbolExists.c:
/* */
#include <pthread.h>

int main(int argc, char** argv)
{
  (void)argv;
#ifndef pthread_create
  return ((int*)(&pthread_create))[argc];
#else
  (void)argc;
  return 0;
#endif
}

Determining if the function pthread_create exists in the pthreads failed with the following output:
Change Dir: /home/hubert/ClionProjects/TIN_P2P/cmake-build-debug/CMakeFiles/CMakeTmp

Run Build Command:"/usr/bin/make" "cmTC_41d88/fast"
/usr/bin/make -f CMakeFiles/cmTC_41d88.dir/build.make CMakeFiles/cmTC_41d88.dir/build
make[1]: Wejście do katalogu '/home/hubert/ClionProjects/TIN_P2P/cmake-build-debug/CMakeFiles/CMakeTmp'
Building C object CMakeFiles/cmTC_41d88.dir/CheckFunctionExists.c.o
/usr/bin/cc    -DCHECK_FUNCTION_EXISTS=pthread_create   -o CMakeFiles/cmTC_41d88.dir/CheckFunctionExists.c.o   -c /home/hubert/Pobrane/clion-2016.3.1/bin/cmake/share/cmake-3.6/Modules/CheckFunctionExists.c
Linking C executable cmTC_41d88
/home/hubert/Pobrane/clion-2016.3.1/bin/cmake/bin/cmake -E cmake_link_script CMakeFiles/cmTC_41d88.dir/link.txt --verbose=1
/usr/bin/cc   -DCHECK_FUNCTION_EXISTS=pthread_create    CMakeFiles/cmTC_41d88.dir/CheckFunctionExists.c.o  -o cmTC_41d88 -lpthreads 
/usr/bin/ld: cannot find -lpthreads
collect2: error: ld returned 1 exit status
CMakeFiles/cmTC_41d88.dir/build.make:97: polecenia dla obiektu 'cmTC_41d88' nie powiodły się
make[1]: *** [cmTC_41d88] Błąd 1
make[1]: Opuszczenie katalogu '/home/hubert/ClionProjects/TIN_P2P/cmake-build-debug/CMakeFiles/CMakeTmp'
Makefile:126: polecenia dla obiektu 'cmTC_41d88/fast' nie powiodły się
make: *** [cmTC_41d88/fast] Błąd 2


